<?xml version="1.0" encoding="UTF-8"?>
<testsuite xmlns:xsi="http://www.w3.org/2001/XMLSchema-instance" xsi:noNamespaceSchemaLocation="https://maven.apache.org/surefire/maven-failsafe-plugin/xsd/failsafe-test-report-3.0.xsd" version="3.0" name="org.example.app.DatabaseIT" time="40.083" tests="0" errors="0" skipped="0" failures="0">
  <properties>
    <property name="awt.toolkit" value="sun.lwawt.macosx.LWCToolkit"/>
    <property name="jdk.extensions.version" value="11.0.6.1"/>
    <property name="file.encoding.pkg" value="sun.io"/>
    <property name="java.specification.version" value="11"/>
    <property name="sun.jnu.encoding" value="UTF-8"/>
    <property name="java.class.path" value="/Users/awisniew/Projects/MST/sandbox/jdbc-app/target/test-classes:/Users/awisniew/Projects/MST/sandbox/jdbc-app/target/classes:/Users/awisniew/.m2/repository/jakarta/platform/jakarta.jakartaee-web-api/8.0.0/jakarta.jakartaee-web-api-8.0.0.jar:/Users/awisniew/.m2/repository/javax/enterprise/cdi-api/2.0/cdi-api-2.0.jar:/Users/awisniew/.m2/repository/javax/el/javax.el-api/3.0.0/javax.el-api-3.0.0.jar:/Users/awisniew/.m2/repository/javax/interceptor/javax.interceptor-api/1.2/javax.interceptor-api-1.2.jar:/Users/awisniew/.m2/repository/javax/inject/javax.inject/1/javax.inject-1.jar:/Users/awisniew/.m2/repository/javax/ws/rs/javax.ws.rs-api/2.1/javax.ws.rs-api-2.1.jar:/Users/awisniew/.m2/repository/javax/json/bind/javax.json.bind-api/1.0/javax.json.bind-api-1.0.jar:/Users/awisniew/.m2/repository/javax/json/javax.json-api/1.1/javax.json-api-1.1.jar:/Users/awisniew/.m2/repository/javax/annotation/javax.annotation-api/1.3/javax.annotation-api-1.3.jar:/Users/awisniew/.m2/repository/org/eclipse/microprofile/config/microprofile-config-api/1.3/microprofile-config-api-1.3.jar:/Users/awisniew/.m2/repository/org/osgi/org.osgi.annotation.versioning/1.0.0/org.osgi.annotation.versioning-1.0.0.jar:/Users/awisniew/.m2/repository/org/eclipse/microprofile/fault-tolerance/microprofile-fault-tolerance-api/1.1/microprofile-fault-tolerance-api-1.1.jar:/Users/awisniew/.m2/repository/org/eclipse/microprofile/health/microprofile-health-api/1.0/microprofile-health-api-1.0.jar:/Users/awisniew/.m2/repository/org/eclipse/microprofile/metrics/microprofile-metrics-api/1.1/microprofile-metrics-api-1.1.jar:/Users/awisniew/.m2/repository/org/eclipse/microprofile/jwt/microprofile-jwt-auth-api/1.1/microprofile-jwt-auth-api-1.1.jar:/Users/awisniew/.m2/repository/org/eclipse/microprofile/openapi/microprofile-openapi-api/1.0/microprofile-openapi-api-1.0.jar:/Users/awisniew/.m2/repository/org/eclipse/microprofile/rest/client/microprofile-rest-client-api/1.1/microprofile-rest-client-api-1.1.jar:/Users/awisniew/.m2/repository/org/eclipse/microprofile/opentracing/microprofile-opentracing-api/1.2/microprofile-opentracing-api-1.2.jar:/Users/awisniew/.m2/repository/org/microshed/microshed-testing-liberty/0.8/microshed-testing-liberty-0.8.jar:/Users/awisniew/.m2/repository/org/microshed/microshed-testing-testcontainers/0.8/microshed-testing-testcontainers-0.8.jar:/Users/awisniew/.m2/repository/org/microshed/microshed-testing-core/0.8/microshed-testing-core-0.8.jar:/Users/awisniew/.m2/repository/cglib/cglib-nodep/3.3.0/cglib-nodep-3.3.0.jar:/Users/awisniew/.m2/repository/org/apache/cxf/cxf-rt-rs-client/3.3.5/cxf-rt-rs-client-3.3.5.jar:/Users/awisniew/.m2/repository/org/apache/cxf/cxf-rt-transports-http/3.3.5/cxf-rt-transports-http-3.3.5.jar:/Users/awisniew/.m2/repository/org/apache/cxf/cxf-core/3.3.5/cxf-core-3.3.5.jar:/Users/awisniew/.m2/repository/org/glassfish/jaxb/jaxb-runtime/2.3.2/jaxb-runtime-2.3.2.jar:/Users/awisniew/.m2/repository/org/glassfish/jaxb/txw2/2.3.2/txw2-2.3.2.jar:/Users/awisniew/.m2/repository/com/sun/istack/istack-commons-runtime/3.0.8/istack-commons-runtime-3.0.8.jar:/Users/awisniew/.m2/repository/com/sun/xml/fastinfoset/FastInfoset/1.2.16/FastInfoset-1.2.16.jar:/Users/awisniew/.m2/repository/jakarta/activation/jakarta.activation-api/1.2.1/jakarta.activation-api-1.2.1.jar:/Users/awisniew/.m2/repository/com/fasterxml/woodstox/woodstox-core/5.0.3/woodstox-core-5.0.3.jar:/Users/awisniew/.m2/repository/org/codehaus/woodstox/stax2-api/3.1.4/stax2-api-3.1.4.jar:/Users/awisniew/.m2/repository/org/apache/ws/xmlschema/xmlschema-core/2.2.5/xmlschema-core-2.2.5.jar:/Users/awisniew/.m2/repository/jakarta/xml/bind/jakarta.xml.bind-api/2.3.2/jakarta.xml.bind-api-2.3.2.jar:/Users/awisniew/.m2/repository/org/apache/cxf/cxf-rt-frontend-jaxrs/3.3.5/cxf-rt-frontend-jaxrs-3.3.5.jar:/Users/awisniew/.m2/repository/jakarta/ws/rs/jakarta.ws.rs-api/2.1.5/jakarta.ws.rs-api-2.1.5.jar:/Users/awisniew/.m2/repository/org/apache/cxf/cxf-rt-security/3.3.5/cxf-rt-security-3.3.5.jar:/Users/awisniew/.m2/repository/javax/xml/ws/jaxws-api/2.3.1/jaxws-api-2.3.1.jar:/Users/awisniew/.m2/repository/javax/xml/soap/javax.xml.soap-api/1.4.0/javax.xml.soap-api-1.4.0.jar:/Users/awisniew/.m2/repository/com/sun/activation/javax.activation/1.2.0/javax.activation-1.2.0.jar:/Users/awisniew/.m2/repository/org/apache/geronimo/specs/geronimo-ws-metadata_2.0_spec/1.1.3/geronimo-ws-metadata_2.0_spec-1.1.3.jar:/Users/awisniew/.m2/repository/com/sun/xml/messaging/saaj/saaj-impl/1.4.0-b03/saaj-impl-1.4.0-b03.jar:/Users/awisniew/.m2/repository/org/jvnet/mimepull/mimepull/1.9.7/mimepull-1.9.7.jar:/Users/awisniew/.m2/repository/org/jvnet/staxex/stax-ex/1.7.8/stax-ex-1.7.8.jar:/Users/awisniew/.m2/repository/javax/activation/activation/1.1/activation-1.1.jar:/Users/awisniew/.m2/repository/org/jacorb/jacorb-omgapi/3.9/jacorb-omgapi-3.9.jar:/Users/awisniew/.m2/repository/org/apache/geronimo/specs/geronimo-jta_1.1_spec/1.1.1/geronimo-jta_1.1_spec-1.1.1.jar:/Users/awisniew/.m2/repository/org/jboss/spec/javax/rmi/jboss-rmi-api_1.0_spec/1.0.6.Final/jboss-rmi-api_1.0_spec-1.0.6.Final.jar:/Users/awisniew/.m2/repository/org/apache/cxf/cxf-rt-rs-extension-providers/3.3.5/cxf-rt-rs-extension-providers-3.3.5.jar:/Users/awisniew/.m2/repository/org/bitbucket/b_c/jose4j/0.7.0/jose4j-0.7.0.jar:/Users/awisniew/.m2/repository/org/eclipse/yasson/1.0.6/yasson-1.0.6.jar:/Users/awisniew/.m2/repository/jakarta/json/bind/jakarta.json.bind-api/1.0.2/jakarta.json.bind-api-1.0.2.jar:/Users/awisniew/.m2/repository/jakarta/json/jakarta.json-api/1.1.6/jakarta.json-api-1.1.6.jar:/Users/awisniew/.m2/repository/org/glassfish/jakarta.json/1.1.6/jakarta.json-1.1.6-module.jar:/Users/awisniew/.m2/repository/org/glassfish/javax.json/1.1.4/javax.json-1.1.4.jar:/Users/awisniew/.m2/repository/org/testcontainers/junit-jupiter/1.12.5/junit-jupiter-1.12.5.jar:/Users/awisniew/.m2/repository/org/testcontainers/testcontainers/1.12.5/testcontainers-1.12.5.jar:/Users/awisniew/.m2/repository/junit/junit/4.12/junit-4.12.jar:/Users/awisniew/.m2/repository/org/hamcrest/hamcrest-core/1.3/hamcrest-core-1.3.jar:/Users/awisniew/.m2/repository/org/jetbrains/annotations/17.0.0/annotations-17.0.0.jar:/Users/awisniew/.m2/repository/org/apache/commons/commons-compress/1.19/commons-compress-1.19.jar:/Users/awisniew/.m2/repository/javax/xml/bind/jaxb-api/2.3.1/jaxb-api-2.3.1.jar:/Users/awisniew/.m2/repository/javax/activation/javax.activation-api/1.2.0/javax.activation-api-1.2.0.jar:/Users/awisniew/.m2/repository/org/rnorth/duct-tape/duct-tape/1.0.8/duct-tape-1.0.8.jar:/Users/awisniew/.m2/repository/org/rnorth/visible-assertions/visible-assertions/2.1.2/visible-assertions-2.1.2.jar:/Users/awisniew/.m2/repository/org/rnorth/tcp-unix-socket-proxy/1.0.2/tcp-unix-socket-proxy-1.0.2.jar:/Users/awisniew/.m2/repository/com/kohlschutter/junixsocket/junixsocket-native-common/2.0.4/junixsocket-native-common-2.0.4.jar:/Users/awisniew/.m2/repository/org/scijava/native-lib-loader/2.0.2/native-lib-loader-2.0.2.jar:/Users/awisniew/.m2/repository/com/kohlschutter/junixsocket/junixsocket-common/2.0.4/junixsocket-common-2.0.4.jar:/Users/awisniew/.m2/repository/net/java/dev/jna/jna-platform/5.5.0/jna-platform-5.5.0.jar:/Users/awisniew/.m2/repository/net/java/dev/jna/jna/5.5.0/jna-5.5.0.jar:/Users/awisniew/.m2/repository/org/slf4j/slf4j-log4j12/1.7.30/slf4j-log4j12-1.7.30.jar:/Users/awisniew/.m2/repository/org/slf4j/slf4j-api/1.7.30/slf4j-api-1.7.30.jar:/Users/awisniew/.m2/repository/log4j/log4j/1.2.17/log4j-1.2.17.jar:/Users/awisniew/.m2/repository/org/junit/jupiter/junit-jupiter/5.6.2/junit-jupiter-5.6.2.jar:/Users/awisniew/.m2/repository/org/junit/jupiter/junit-jupiter-api/5.6.2/junit-jupiter-api-5.6.2.jar:/Users/awisniew/.m2/repository/org/apiguardian/apiguardian-api/1.1.0/apiguardian-api-1.1.0.jar:/Users/awisniew/.m2/repository/org/opentest4j/opentest4j/1.2.0/opentest4j-1.2.0.jar:/Users/awisniew/.m2/repository/org/junit/platform/junit-platform-commons/1.6.2/junit-platform-commons-1.6.2.jar:/Users/awisniew/.m2/repository/org/junit/jupiter/junit-jupiter-params/5.6.2/junit-jupiter-params-5.6.2.jar:/Users/awisniew/.m2/repository/org/junit/jupiter/junit-jupiter-engine/5.6.2/junit-jupiter-engine-5.6.2.jar:/Users/awisniew/.m2/repository/org/junit/platform/junit-platform-engine/1.6.2/junit-platform-engine-1.6.2.jar:/Users/awisniew/.m2/repository/org/testcontainers/postgresql/1.12.3/postgresql-1.12.3.jar:/Users/awisniew/.m2/repository/org/testcontainers/jdbc/1.12.3/jdbc-1.12.3.jar:/Users/awisniew/.m2/repository/org/testcontainers/database-commons/1.12.3/database-commons-1.12.3.jar:/Users/awisniew/.m2/repository/org/postgresql/postgresql/42.2.8/postgresql-42.2.8.jar:"/>
    <property name="java.vm.vendor" value="Eclipse OpenJ9"/>
    <property name="sun.arch.data.model" value="64"/>
    <property name="com.ibm.vm.bitmode" value="64"/>
    <property name="microshed_hostname" value="localhost"/>
    <property name="user.variant" value=""/>
    <property name="com.ibm.oti.vm.library.version" value="29"/>
    <property name="java.vendor.url" value="http://www.eclipse.org/openj9"/>
    <property name="user.timezone" value="America/New_York"/>
    <property name="os.name" value="Mac OS X"/>
    <property name="java.vm.specification.version" value="11"/>
    <property name="sun.java.launcher" value="SUN_STANDARD"/>
    <property name="user.country" value="US"/>
    <property name="sun.boot.library.path" value="/Library/Java/JavaVirtualMachines/adoptopenjdk-11-openj9.jdk/Contents/Home/lib/compressedrefs:/Library/Java/JavaVirtualMachines/adoptopenjdk-11-openj9.jdk/Contents/Home/lib"/>
    <property name="sun.java.command" value="/Users/awisniew/Projects/MST/sandbox/jdbc-app/target/surefire/surefirebooter11662651738294035933.jar /Users/awisniew/Projects/MST/sandbox/jdbc-app/target/surefire 2020-05-27T14-47-56_263-jvmRun1 surefire17779936574914415690tmp surefire_02166533387635285761tmp"/>
    <property name="surefire.test.class.path" value="/Users/awisniew/Projects/MST/sandbox/jdbc-app/target/test-classes:/Users/awisniew/Projects/MST/sandbox/jdbc-app/target/classes:/Users/awisniew/.m2/repository/jakarta/platform/jakarta.jakartaee-web-api/8.0.0/jakarta.jakartaee-web-api-8.0.0.jar:/Users/awisniew/.m2/repository/javax/enterprise/cdi-api/2.0/cdi-api-2.0.jar:/Users/awisniew/.m2/repository/javax/el/javax.el-api/3.0.0/javax.el-api-3.0.0.jar:/Users/awisniew/.m2/repository/javax/interceptor/javax.interceptor-api/1.2/javax.interceptor-api-1.2.jar:/Users/awisniew/.m2/repository/javax/inject/javax.inject/1/javax.inject-1.jar:/Users/awisniew/.m2/repository/javax/ws/rs/javax.ws.rs-api/2.1/javax.ws.rs-api-2.1.jar:/Users/awisniew/.m2/repository/javax/json/bind/javax.json.bind-api/1.0/javax.json.bind-api-1.0.jar:/Users/awisniew/.m2/repository/javax/json/javax.json-api/1.1/javax.json-api-1.1.jar:/Users/awisniew/.m2/repository/javax/annotation/javax.annotation-api/1.3/javax.annotation-api-1.3.jar:/Users/awisniew/.m2/repository/org/eclipse/microprofile/config/microprofile-config-api/1.3/microprofile-config-api-1.3.jar:/Users/awisniew/.m2/repository/org/osgi/org.osgi.annotation.versioning/1.0.0/org.osgi.annotation.versioning-1.0.0.jar:/Users/awisniew/.m2/repository/org/eclipse/microprofile/fault-tolerance/microprofile-fault-tolerance-api/1.1/microprofile-fault-tolerance-api-1.1.jar:/Users/awisniew/.m2/repository/org/eclipse/microprofile/health/microprofile-health-api/1.0/microprofile-health-api-1.0.jar:/Users/awisniew/.m2/repository/org/eclipse/microprofile/metrics/microprofile-metrics-api/1.1/microprofile-metrics-api-1.1.jar:/Users/awisniew/.m2/repository/org/eclipse/microprofile/jwt/microprofile-jwt-auth-api/1.1/microprofile-jwt-auth-api-1.1.jar:/Users/awisniew/.m2/repository/org/eclipse/microprofile/openapi/microprofile-openapi-api/1.0/microprofile-openapi-api-1.0.jar:/Users/awisniew/.m2/repository/org/eclipse/microprofile/rest/client/microprofile-rest-client-api/1.1/microprofile-rest-client-api-1.1.jar:/Users/awisniew/.m2/repository/org/eclipse/microprofile/opentracing/microprofile-opentracing-api/1.2/microprofile-opentracing-api-1.2.jar:/Users/awisniew/.m2/repository/org/microshed/microshed-testing-liberty/0.8/microshed-testing-liberty-0.8.jar:/Users/awisniew/.m2/repository/org/microshed/microshed-testing-testcontainers/0.8/microshed-testing-testcontainers-0.8.jar:/Users/awisniew/.m2/repository/org/microshed/microshed-testing-core/0.8/microshed-testing-core-0.8.jar:/Users/awisniew/.m2/repository/cglib/cglib-nodep/3.3.0/cglib-nodep-3.3.0.jar:/Users/awisniew/.m2/repository/org/apache/cxf/cxf-rt-rs-client/3.3.5/cxf-rt-rs-client-3.3.5.jar:/Users/awisniew/.m2/repository/org/apache/cxf/cxf-rt-transports-http/3.3.5/cxf-rt-transports-http-3.3.5.jar:/Users/awisniew/.m2/repository/org/apache/cxf/cxf-core/3.3.5/cxf-core-3.3.5.jar:/Users/awisniew/.m2/repository/org/glassfish/jaxb/jaxb-runtime/2.3.2/jaxb-runtime-2.3.2.jar:/Users/awisniew/.m2/repository/org/glassfish/jaxb/txw2/2.3.2/txw2-2.3.2.jar:/Users/awisniew/.m2/repository/com/sun/istack/istack-commons-runtime/3.0.8/istack-commons-runtime-3.0.8.jar:/Users/awisniew/.m2/repository/com/sun/xml/fastinfoset/FastInfoset/1.2.16/FastInfoset-1.2.16.jar:/Users/awisniew/.m2/repository/jakarta/activation/jakarta.activation-api/1.2.1/jakarta.activation-api-1.2.1.jar:/Users/awisniew/.m2/repository/com/fasterxml/woodstox/woodstox-core/5.0.3/woodstox-core-5.0.3.jar:/Users/awisniew/.m2/repository/org/codehaus/woodstox/stax2-api/3.1.4/stax2-api-3.1.4.jar:/Users/awisniew/.m2/repository/org/apache/ws/xmlschema/xmlschema-core/2.2.5/xmlschema-core-2.2.5.jar:/Users/awisniew/.m2/repository/jakarta/xml/bind/jakarta.xml.bind-api/2.3.2/jakarta.xml.bind-api-2.3.2.jar:/Users/awisniew/.m2/repository/org/apache/cxf/cxf-rt-frontend-jaxrs/3.3.5/cxf-rt-frontend-jaxrs-3.3.5.jar:/Users/awisniew/.m2/repository/jakarta/ws/rs/jakarta.ws.rs-api/2.1.5/jakarta.ws.rs-api-2.1.5.jar:/Users/awisniew/.m2/repository/org/apache/cxf/cxf-rt-security/3.3.5/cxf-rt-security-3.3.5.jar:/Users/awisniew/.m2/repository/javax/xml/ws/jaxws-api/2.3.1/jaxws-api-2.3.1.jar:/Users/awisniew/.m2/repository/javax/xml/soap/javax.xml.soap-api/1.4.0/javax.xml.soap-api-1.4.0.jar:/Users/awisniew/.m2/repository/com/sun/activation/javax.activation/1.2.0/javax.activation-1.2.0.jar:/Users/awisniew/.m2/repository/org/apache/geronimo/specs/geronimo-ws-metadata_2.0_spec/1.1.3/geronimo-ws-metadata_2.0_spec-1.1.3.jar:/Users/awisniew/.m2/repository/com/sun/xml/messaging/saaj/saaj-impl/1.4.0-b03/saaj-impl-1.4.0-b03.jar:/Users/awisniew/.m2/repository/org/jvnet/mimepull/mimepull/1.9.7/mimepull-1.9.7.jar:/Users/awisniew/.m2/repository/org/jvnet/staxex/stax-ex/1.7.8/stax-ex-1.7.8.jar:/Users/awisniew/.m2/repository/javax/activation/activation/1.1/activation-1.1.jar:/Users/awisniew/.m2/repository/org/jacorb/jacorb-omgapi/3.9/jacorb-omgapi-3.9.jar:/Users/awisniew/.m2/repository/org/apache/geronimo/specs/geronimo-jta_1.1_spec/1.1.1/geronimo-jta_1.1_spec-1.1.1.jar:/Users/awisniew/.m2/repository/org/jboss/spec/javax/rmi/jboss-rmi-api_1.0_spec/1.0.6.Final/jboss-rmi-api_1.0_spec-1.0.6.Final.jar:/Users/awisniew/.m2/repository/org/apache/cxf/cxf-rt-rs-extension-providers/3.3.5/cxf-rt-rs-extension-providers-3.3.5.jar:/Users/awisniew/.m2/repository/org/bitbucket/b_c/jose4j/0.7.0/jose4j-0.7.0.jar:/Users/awisniew/.m2/repository/org/eclipse/yasson/1.0.6/yasson-1.0.6.jar:/Users/awisniew/.m2/repository/jakarta/json/bind/jakarta.json.bind-api/1.0.2/jakarta.json.bind-api-1.0.2.jar:/Users/awisniew/.m2/repository/jakarta/json/jakarta.json-api/1.1.6/jakarta.json-api-1.1.6.jar:/Users/awisniew/.m2/repository/org/glassfish/jakarta.json/1.1.6/jakarta.json-1.1.6-module.jar:/Users/awisniew/.m2/repository/org/glassfish/javax.json/1.1.4/javax.json-1.1.4.jar:/Users/awisniew/.m2/repository/org/testcontainers/junit-jupiter/1.12.5/junit-jupiter-1.12.5.jar:/Users/awisniew/.m2/repository/org/testcontainers/testcontainers/1.12.5/testcontainers-1.12.5.jar:/Users/awisniew/.m2/repository/junit/junit/4.12/junit-4.12.jar:/Users/awisniew/.m2/repository/org/hamcrest/hamcrest-core/1.3/hamcrest-core-1.3.jar:/Users/awisniew/.m2/repository/org/jetbrains/annotations/17.0.0/annotations-17.0.0.jar:/Users/awisniew/.m2/repository/org/apache/commons/commons-compress/1.19/commons-compress-1.19.jar:/Users/awisniew/.m2/repository/javax/xml/bind/jaxb-api/2.3.1/jaxb-api-2.3.1.jar:/Users/awisniew/.m2/repository/javax/activation/javax.activation-api/1.2.0/javax.activation-api-1.2.0.jar:/Users/awisniew/.m2/repository/org/rnorth/duct-tape/duct-tape/1.0.8/duct-tape-1.0.8.jar:/Users/awisniew/.m2/repository/org/rnorth/visible-assertions/visible-assertions/2.1.2/visible-assertions-2.1.2.jar:/Users/awisniew/.m2/repository/org/rnorth/tcp-unix-socket-proxy/1.0.2/tcp-unix-socket-proxy-1.0.2.jar:/Users/awisniew/.m2/repository/com/kohlschutter/junixsocket/junixsocket-native-common/2.0.4/junixsocket-native-common-2.0.4.jar:/Users/awisniew/.m2/repository/org/scijava/native-lib-loader/2.0.2/native-lib-loader-2.0.2.jar:/Users/awisniew/.m2/repository/com/kohlschutter/junixsocket/junixsocket-common/2.0.4/junixsocket-common-2.0.4.jar:/Users/awisniew/.m2/repository/net/java/dev/jna/jna-platform/5.5.0/jna-platform-5.5.0.jar:/Users/awisniew/.m2/repository/net/java/dev/jna/jna/5.5.0/jna-5.5.0.jar:/Users/awisniew/.m2/repository/org/slf4j/slf4j-log4j12/1.7.30/slf4j-log4j12-1.7.30.jar:/Users/awisniew/.m2/repository/org/slf4j/slf4j-api/1.7.30/slf4j-api-1.7.30.jar:/Users/awisniew/.m2/repository/log4j/log4j/1.2.17/log4j-1.2.17.jar:/Users/awisniew/.m2/repository/org/junit/jupiter/junit-jupiter/5.6.2/junit-jupiter-5.6.2.jar:/Users/awisniew/.m2/repository/org/junit/jupiter/junit-jupiter-api/5.6.2/junit-jupiter-api-5.6.2.jar:/Users/awisniew/.m2/repository/org/apiguardian/apiguardian-api/1.1.0/apiguardian-api-1.1.0.jar:/Users/awisniew/.m2/repository/org/opentest4j/opentest4j/1.2.0/opentest4j-1.2.0.jar:/Users/awisniew/.m2/repository/org/junit/platform/junit-platform-commons/1.6.2/junit-platform-commons-1.6.2.jar:/Users/awisniew/.m2/repository/org/junit/jupiter/junit-jupiter-params/5.6.2/junit-jupiter-params-5.6.2.jar:/Users/awisniew/.m2/repository/org/junit/jupiter/junit-jupiter-engine/5.6.2/junit-jupiter-engine-5.6.2.jar:/Users/awisniew/.m2/repository/org/junit/platform/junit-platform-engine/1.6.2/junit-platform-engine-1.6.2.jar:/Users/awisniew/.m2/repository/org/testcontainers/postgresql/1.12.3/postgresql-1.12.3.jar:/Users/awisniew/.m2/repository/org/testcontainers/jdbc/1.12.3/jdbc-1.12.3.jar:/Users/awisniew/.m2/repository/org/testcontainers/database-commons/1.12.3/database-commons-1.12.3.jar:/Users/awisniew/.m2/repository/org/postgresql/postgresql/42.2.8/postgresql-42.2.8.jar:"/>
    <property name="sun.cpu.endian" value="little"/>
    <property name="user.home" value="/Users/awisniew"/>
    <property name="user.language" value="en"/>
    <property name="java.specification.vendor" value="Oracle Corporation"/>
    <property name="java.version.date" value="2020-01-14"/>
    <property name="org.testcontainers.shaded.io.netty.packagePrefix" value="org.testcontainers.shaded."/>
    <property name="java.home" value="/Library/Java/JavaVirtualMachines/adoptopenjdk-11-openj9.jdk/Contents/Home"/>
    <property name="ibm.signalhandling.rs" value="false"/>
    <property name="file.separator" value="/"/>
    <property name="jdk.extensions.name" value="Extensions for OpenJDK for Eclipse OpenJ9"/>
    <property name="basedir" value="/Users/awisniew/Projects/MST/sandbox/jdbc-app"/>
    <property name="line.separator" value="&#10;"/>
    <property name="java.vm.specification.vendor" value="Oracle Corporation"/>
    <property name="java.specification.name" value="Java Platform API Specification"/>
    <property name="wlp.user.dir" value="/Users/awisniew/Projects/MST/sandbox/jdbc-app/target/liberty/wlp/usr"/>
    <property name="java.compiler" value="j9jit29"/>
    <property name="com.ibm.util.extralibs.properties" value=""/>
    <property name="java.awt.graphicsenv" value="sun.awt.CGraphicsEnvironment"/>
    <property name="microshed_http_port" value="9080"/>
    <property name="com.ibm.oti.configuration" value="scar"/>
    <property name="surefire.real.class.path" value="/Users/awisniew/Projects/MST/sandbox/jdbc-app/target/surefire/surefirebooter11662651738294035933.jar"/>
    <property name="com.ibm.oti.shared.enabled" value="false"/>
    <property name="com.ibm.oti.vm.bootstrap.library.path" value="/Library/Java/JavaVirtualMachines/adoptopenjdk-11-openj9.jdk/Contents/Home/lib/compressedrefs:/Library/Java/JavaVirtualMachines/adoptopenjdk-11-openj9.jdk/Contents/Home/lib"/>
    <property name="com.ibm.cpu.endian" value="little"/>
    <property name="java.fullversion" value="11.0.6+10&#10;JRE 11 Mac OS X amd64-64-Bit Compressed References 20200122_450 (JIT enabled, AOT enabled)&#10;OpenJ9   - 51a5857d2&#10;OMR      - 7a1b0239a&#10;JCL      - da35e0c380 based on jdk-11.0.6+10"/>
    <property name="java.runtime.version" value="11.0.6+10"/>
    <property name="user.name" value="awisniew"/>
    <property name="liberty.hostname" value="localhost"/>
    <property name="path.separator" value=":"/>
    <property name="os.version" value="10.14.6"/>
    <property name="java.runtime.name" value="OpenJDK Runtime Environment"/>
    <property name="liberty.http.port" value="9080"/>
    <property name="ibm.signalhandling.sigint" value="true"/>
    <property name="file.encoding" value="UTF-8"/>
    <property name="jnidispatch.path" value="/Users/awisniew/Library/Caches/JNA/temp/jna5059516815375527238.tmp"/>
    <property name="jna.platform.library.path" value="/usr/lib:/usr/lib"/>
    <property name="java.vm.name" value="Eclipse OpenJ9 VM"/>
    <property name="java.vendor.version" value="AdoptOpenJDK"/>
    <property name="ibm.signalhandling.sigchain" value="true"/>
    <property name="localRepository" value="/Users/awisniew/.m2/repository"/>
    <property name="jna.loaded" value="true"/>
    <property name="java.io.tmpdir" value="/var/folders/kj/_wlqvh513nbd4sydjs1tl3wh0000gn/T/"/>
    <property name="java.version" value="11.0.6"/>
    <property name="com.ibm.system.agent.path" value="/Library/Java/JavaVirtualMachines/adoptopenjdk-11-openj9.jdk/Contents/Home/lib"/>
    <property name="user.dir" value="/Users/awisniew/Projects/MST/sandbox/jdbc-app"/>
    <property name="os.arch" value="x86_64"/>
    <property name="java.vm.specification.name" value="Java Virtual Machine Specification"/>
    <property name="java.awt.printerjob" value="sun.lwawt.macosx.CPrinterJob"/>
    <property name="os.encoding" value="UTF-8"/>
    <property name="java.library.path" value="/Library/Java/JavaVirtualMachines/adoptopenjdk-11-openj9.jdk/Contents/Home/lib/compressedrefs:/Library/Java/JavaVirtualMachines/adoptopenjdk-11-openj9.jdk/Contents/Home/lib:/usr/lib"/>
    <property name="java.vendor" value="Eclipse OpenJ9"/>
    <property name="java.vm.info" value="JRE 11 Mac OS X amd64-64-Bit Compressed References 20200122_450 (JIT enabled, AOT enabled)&#10;OpenJ9   - 51a5857d2&#10;OMR      - 7a1b0239a&#10;JCL      - da35e0c380 based on jdk-11.0.6+10"/>
    <property name="java.vm.version" value="openj9-0.18.1"/>
    <property name="com.ibm.jcl.checkClassPath" value=""/>
    <property name="ibm.system.encoding" value="UTF-8"/>
    <property name="sun.io.unicode.encoding" value="UnicodeLittle"/>
    <property name="java.class.version" value="55.0"/>
  </properties>
</testsuite>